FxC: 3 3
Fichas: 1 1;1 2;2 3;
Solucion: 1 1;1 3;1 3;3 3
Ciclos: 6 + 2'32 * 0
FxC: 3 4
Fichas: 1 1;1 2;1 4;
Solucion: 1 1;1 3;1 4;1 2
Ciclos: 11 + 2'32 * 0
FxC: 6 4
Fichas: 1 1;1 2;2 2;2 3;3 4;5 2;
Solucion: 1 1;1 3;1 3;3 3;3 4;3 2;2 2;4 2;4 2;6 2
Ciclos: 21 + 2'32 * 0
FxC: 3 4
Fichas: 2 2;1 2;1 4;
Solucion: 
Ciclos: 20 + 2'32 * 0
FxC: 3 5
Fichas: 3 3;1 2;1 4;1 1;
Solucion: 
Ciclos: 44 + 2'32 * 0
FxC: 4 4
Fichas: 1 1;1 3;1 2;3 3;2 1;
Solucion: 
Ciclos: 88 + 2'32 * 0
FxC: 4 4
Fichas: 1 1;1 3;1 2;3 3;2 1;2 2;
Solucion: 1 2;1 4;2 1;2 3;3 3;1 3;1 4;1 2;1 1;1 3
Ciclos: 248 + 2'32 * 0
FxC: 4 4
Fichas: 1 1;1 3;1 2;3 3;2 1;2 2;3 3;
Solucion: 1 2;1 4;2 1;2 3;3 3;1 3;1 4;1 2;1 1;1 3
Ciclos: 248 + 2'32 * 0
FxC: 4 4
Fichas: 1 1;1 3;1 2;3 3;2 1;2 2;3 3;4 4;
Solucion: 
Ciclos: 636 + 2'32 * 0
FxC: 5 5
Fichas: 2 2;2 3;2 4;3 2;3 3;3 4;4 2;4 3;4 5;5 5;
Solucion: 
Ciclos: 1185928 + 2'32 * 0
FxC: 5 5
Fichas: 2 2;2 3;2 4;3 2;3 3;3 4;4 2;4 3;4 5;5 5;1 1;
Solucion: 2 3;2 1;2 4;4 4;4 3;2 3;4 5;4 3;4 2;4 4;1 1;3 1;3 1;3 3;2 3;4 3;4 3;4 5;5 5;3 5
Ciclos: 26530 + 2'32 * 0
FxC: 5 5
Fichas: 2 2;2 3;2 4;3 2;3 3;3 4;4 2;4 3;4 5;5 5;1 1;1 5;
Solucion: 
Ciclos: 6352256 + 2'32 * 0
FxC: 5 5
Fichas: 2 2;2 3;2 4;3 2;3 3;3 4;4 2;4 3;4 5;5 5;1 1;1 5;5 1;
Solucion: 
Ciclos: 13115596 + 2'32 * 0
FxC: 6 6
Fichas: 3 2;4 3;6 4;1 1;
Solucion: 
Ciclos: 16 + 2'32 * 0
FxC: 6 6
Fichas: 3 2;4 3;6 4;1 1;3 3;
Solucion: 
Ciclos: 84 + 2'32 * 0
FxC: 6 6
Fichas: 3 2;4 3;6 4;1 1;3 3;4 4;
Solucion: 
Ciclos: 364 + 2'32 * 0
FxC: 6 6
Fichas: 3 2;4 3;6 4;1 1;3 3;5 5;6 6;
Solucion: 
Ciclos: 124 + 2'32 * 0
FxC: 6 6
Fichas: 3 2;4 3;6 4;1 1;3 3;5 5;6 6;4 4;1 2;
Solucion: 
Ciclos: 6392 + 2'32 * 0
FxC: 6 3
Fichas: 1 2;3 1;6 1;6 2;3 3;4 3;
Solucion: 
Ciclos: 172 + 2'32 * 0
FxC: 3 5
Fichas: 1 3;1 4;2 3;3 5;
Solucion: 
Ciclos: 52 + 2'32 * 0
FxC: 7 5
Fichas: 1 3;1 4;2 3;3 5;7 5;6 5;5 1;
Solucion: 
Ciclos: 244 + 2'32 * 0
FxC: 10 10
Fichas: 5 5;5 4;5 3;6 5;6 6;7 7;
Solucion: 6 5;4 5;5 3;5 5;4 5;6 5;6 5;6 7;6 7;8 7
Ciclos: 385 + 2'32 * 0
FxC: 7 7
Fichas: 1 1;4 1;3 2;3 1;2 3;
Solucion: 4 1;2 1;1 1;3 1;3 1;3 3;3 3;1 3
Ciclos: 12 + 2'32 * 0
FxC: 7 7
Fichas: 1 1;4 1;3 2;3 1;2 3;7 7;2 5;5 6;6 1;4 2;3 4;
Solucion: 
Ciclos: 9248 + 2'32 * 0
FxC: 2 2
Fichas: 1 1;1 2;
Solucion: 
Ciclos: 8 + 2'32 * 0
FxC: 1 5
Fichas: 1 1;1 2;1 4;
Solucion: 1 1;1 3;1 3;1 5
Ciclos: 8 + 2'32 * 0
FxC: 7 1
Fichas: 1 1;2 1;4 1;5 1;7 1;
Solucion: 
Ciclos: 152 + 2'32 * 0
FxC: 8 3
Fichas: 3 1;3 3;8 1;6 2;6 3;4 1;4 3;
Solucion: 
Ciclos: 1716 + 2'32 * 0
FxC: 10 10
Fichas: 4 4;5 6;7 8;9 2;3 4;6 6;7 7;1 1;2 5;4 9;10 5;
Solucion: 
Ciclos: 6212 + 2'32 * 0
FxC: 10 10
Fichas: 1 1;2 2;3 3;4 4;5 5;6 6;7 7;8 8;9 9;1 2;1 4;2 4;
Solucion: 
Ciclos: 14200 + 2'32 * 0
FxC: 3 3
Fichas: 1 1;1 2;1 3;2 1;2 3;3 1;3 2;3 3;
Solucion: 
Ciclos: 32 + 2'32 * 0
FxC: 4 4
Fichas: 1 1;1 2;1 3;1 4;2 1;2 3;3 1;3 2;3 3;4 1;4 2;4 3;4 4;
Solucion: 3 2;3 4;1 3;3 3;1 1;1 3;1 4;1 2;3 1;1 1;1 1;1 3;4 3;2 3;1 3;3 3;3 4;3 2;4 1;4 3;4 4;4 2;4 2;2 2
Ciclos: 208 + 2'32 * 0
FxC: 6 6
Fichas: 1 1;1 2;1 3;1 4;1 5;1 6;2 1;2 2;2 3;2 4;2 5;2 6;5 1;5 2;5 3;5 4;5 5;5 6;6 1;6 2;6 3;6 4;6 5;
Solucion: 1 1;3 1;1 2;3 2;3 1;3 3;1 4;3 4;3 3;3 5;1 3;3 3;1 6;3 6;3 6;3 4;3 3;3 5;6 1;4 1;6 2;4 2;5 4;5 2;4 1;4 3;6 4;6 2;6 2;4 2;4 2;4 4;6 5;4 5;3 5;5 5;1 5;3 5;5 6;5 4;5 4;3 4;3 5;3 3
Ciclos: 10894798 + 2'32 * 0
FxC: 10 10
Fichas: 1 1;1 2;1 3;1 4;1 5;1 6;1 7;1 8;1 9;1 10;10 1;10 2;10 3;10 4;10 5;10 6;10 7;10 8;10 9;10 10;2 1;3 1;4 1;5 1;6 1;7 1;8 1;9 1;2 10;3 10;4 10;5 10;6 10;7 10;8 10;
Solucion: 
Ciclos: 184203128 + 2'32 * 0
FxC: 10 10
Fichas: 1 1;3 3;4 7;8 9;5 4;1 9;6 6;7 3;6 1;2 8;
Solucion: 
Ciclos: 40 + 2'32 * 0
FxC: 10 10
Fichas: 1 1;3 3;4 7;8 9;5 4;1 9;6 6;7 3;6 1;2 8;6 9;8 6;
Solucion: 
Ciclos: 48 + 2'32 * 0
FxC: 10 10
Fichas: 1 1;3 3;4 7;8 9;5 4;1 9;6 6;7 3;6 1;2 8;6 9;8 6;2 4;2 2;
Solucion: 
Ciclos: 56 + 2'32 * 0
FxC: 1 10
Fichas: 1 1;1 3;1 4;1 6;1 7;1 9;1 10;
Solucion: 
Ciclos: 1448 + 2'32 * 0
FxC: 10 10
Fichas: 10 2;10 3;10 4;10 5;10 6;10 7;10 8;10 9;10 10;2 1;3 1;4 1;5 1;
Solucion: 
Ciclos: 5820 + 2'32 * 0
FxC: 10 10
Fichas: 10 1;10 2;10 3;10 4;10 5;10 6;10 7;10 8;10 9;10 10;2 1;3 1;4 1;5 1;6 1;
Solucion: 
Ciclos: 380 + 2'32 * 0
FxC: 10 10
Fichas: 1 10;10 1;10 2;10 3;10 4;10 5;10 6;10 7;10 8;10 9;10 10;2 1;3 1;4 1;5 1;6 1;7 1;
Solucion: 
Ciclos: 884 + 2'32 * 0
FxC: 10 10
Fichas: 1 9;1 10;10 1;10 2;10 3;10 4;10 5;10 6;10 7;10 8;10 9;10 10;2 1;3 1;4 1;5 1;6 1;7 1;8 1;
Solucion: 
Ciclos: 1605460 + 2'32 * 0
FxC: 10 10
Fichas: 1 8;1 9;1 10;10 1;10 2;10 3;10 4;10 5;10 6;10 7;10 8;10 9;10 10;2 1;3 1;4 1;5 1;6 1;7 1;8 1;9 1;
Solucion: 
Ciclos: 1420 + 2'32 * 0
FxC: 10 10
Fichas: 1 7;1 8;1 9;1 10;10 1;10 2;10 3;10 4;10 5;10 6;10 7;10 8;10 9;10 10;2 1;3 1;4 1;5 1;6 1;7 1;8 1;9 1;2 10;
Solucion: 
Ciclos: 12820 + 2'32 * 0
FxC: 10 10
Fichas: 1 6;1 7;1 8;1 9;1 10;10 1;10 2;10 3;10 4;10 5;10 6;10 7;10 8;10 9;10 10;2 1;3 1;4 1;5 1;6 1;7 1;8 1;9 1;2 10;3 10;
Solucion: 
Ciclos: 27212 + 2'32 * 0
FxC: 10 10
Fichas: 1 5;1 6;1 7;1 8;1 9;1 10;10 1;10 2;10 3;10 4;10 5;10 6;10 7;10 8;10 9;10 10;2 1;3 1;4 1;5 1;6 1;7 1;8 1;9 1;2 10;3 10;4 10;
Solucion: 
Ciclos: 220804 + 2'32 * 0
FxC: 10 10
Fichas: 1 4;1 5;1 6;1 7;1 8;1 9;1 10;10 1;10 2;10 3;10 4;10 5;10 6;10 7;10 8;10 9;10 10;2 1;3 1;4 1;5 1;6 1;7 1;8 1;9 1;2 10;3 10;4 10;5 10;
Solucion: 
Ciclos: 343708 + 2'32 * 0
FxC: 10 10
Fichas: 1 3;1 4;1 5;1 6;1 7;1 8;1 9;1 10;10 1;10 2;10 3;10 4;10 5;10 6;10 7;10 8;10 9;10 10;2 1;3 1;4 1;5 1;6 1;7 1;8 1;9 1;2 10;3 10;4 10;5 10;6 10;
Solucion: 
Ciclos: 477865592 + 2'32 * 0
FxC: 10 10
Fichas: 1 2;1 3;1 4;1 5;1 6;1 7;1 8;1 9;1 10;10 1;10 2;10 3;10 4;10 5;10 6;10 7;10 8;10 9;10 10;2 1;3 1;4 1;5 1;6 1;7 1;8 1;9 1;2 10;3 10;4 10;5 10;6 10;7 10;
Solucion: 
Ciclos: 27104 + 2'32 * 0
FxC: 10 10
Fichas: 1 1;1 2;1 3;1 4;1 5;1 6;1 7;1 8;1 9;1 10;10 1;10 2;10 3;10 4;10 5;10 6;10 7;10 8;10 9;10 10;2 1;3 1;4 1;5 1;
Solucion: 
Ciclos: 276 + 2'32 * 0
FxC: 10 10
Fichas: 1 1;1 2;1 3;1 4;1 5;1 6;1 7;1 8;1 9;1 10;10 1;10 2;10 3;10 4;10 5;10 6;10 7;10 8;10 9;10 10;2 1;3 1;4 1;5 1;6 1;
Solucion: 
Ciclos: 688 + 2'32 * 0
FxC: 10 10
Fichas: 1 1;1 2;1 3;1 4;1 5;1 6;1 7;1 8;1 9;1 10;10 1;10 2;10 3;10 4;10 5;10 6;10 7;10 8;10 9;10 10;2 1;3 1;4 1;5 1;6 1;7 1;
Solucion: 
Ciclos: 392 + 2'32 * 0
FxC: 10 10
Fichas: 1 1;1 2;1 3;1 4;1 5;1 6;1 7;1 8;1 9;1 10;10 1;10 2;10 3;10 4;10 5;10 6;10 7;10 8;10 9;10 10;2 1;3 1;4 1;5 1;6 1;7 1;8 1;
Solucion: 
Ciclos: 109317080 + 2'32 * 0
FxC: 10 10
Fichas: 1 1;1 2;1 3;1 4;1 5;1 6;1 7;1 8;1 9;1 10;10 1;10 2;10 3;10 4;10 5;10 6;10 7;10 8;10 9;10 10;2 1;3 1;4 1;5 1;6 1;7 1;8 1;9 1;
Solucion: 
Ciclos: 112 + 2'32 * 0
FxC: 10 10
Fichas: 1 1;1 2;1 3;1 4;1 5;1 6;1 7;1 8;1 9;1 10;10 1;10 2;10 3;10 4;10 5;10 6;10 7;10 8;10 9;10 10;2 1;3 1;4 1;5 1;6 1;7 1;8 1;9 1;2 10;
Solucion: 
Ciclos: 636 + 2'32 * 0
FxC: 10 10
Fichas: 1 1;1 2;1 3;1 4;1 5;1 6;1 7;1 8;1 9;1 10;10 1;10 2;10 3;10 4;10 5;10 6;10 7;10 8;10 9;10 10;2 1;3 1;4 1;5 1;6 1;7 1;8 1;9 1;2 10;3 10;
Solucion: 
Ciclos: 236 + 2'32 * 0
FxC: 10 10
Fichas: 1 1;1 2;1 3;1 4;1 5;1 6;1 7;1 8;1 9;1 10;10 1;10 2;10 3;10 4;10 5;10 6;10 7;10 8;10 9;10 10;2 1;3 1;4 1;5 1;6 1;7 1;8 1;9 1;2 10;3 10;4 10;
Solucion: 
Ciclos: 784 + 2'32 * 0
FxC: 10 10
Fichas: 1 1;1 2;1 3;1 4;1 5;1 6;1 7;1 8;1 9;1 10;10 1;10 2;10 3;10 4;10 5;10 6;10 7;10 8;10 9;10 10;2 1;3 1;4 1;5 1;6 1;7 1;8 1;9 1;2 10;3 10;4 10;5 10;
Solucion: 
Ciclos: 372 + 2'32 * 0
FxC: 10 10
Fichas: 1 1;1 2;1 3;1 4;1 5;1 6;1 7;1 8;1 9;1 10;10 1;10 2;10 3;10 4;10 5;10 6;10 7;10 8;10 9;10 10;2 1;3 1;4 1;5 1;6 1;7 1;8 1;9 1;2 10;3 10;4 10;5 10;6 10;
Solucion: 
Ciclos: 944 + 2'32 * 0
FxC: 10 10
Fichas: 1 1;1 2;1 3;1 4;1 5;1 6;1 7;1 8;1 9;1 10;10 1;10 2;10 3;10 4;10 5;10 6;10 7;10 8;10 9;10 10;2 1;3 1;4 1;5 1;6 1;7 1;8 1;9 1;2 10;3 10;4 10;5 10;6 10;7 10;
Solucion: 
Ciclos: 520 + 2'32 * 0
FxC: 5 5
Fichas: 1 1;1 2;
Solucion: 1 1;1 3
Ciclos: 4 + 2'32 * 0
FxC: 5 5
Fichas: 1 1;1 2;1 3;
Solucion: 
Ciclos: 20 + 2'32 * 0
FxC: 5 5
Fichas: 1 1;1 2;1 3;2 1;
Solucion: 
Ciclos: 64 + 2'32 * 0
FxC: 5 5
Fichas: 1 1;1 2;1 3;2 1;4 1;
Solucion: 1 1;3 1;1 3;1 1;4 1;2 1;1 1;3 1
Ciclos: 88 + 2'32 * 0
FxC: 5 5
Fichas: 1 1;1 2;1 3;2 1;4 1;4 2;
Solucion: 
Ciclos: 472 + 2'32 * 0
FxC: 5 5
Fichas: 1 1;1 2;1 3;2 1;4 1;4 2;4 4;
Solucion: 
Ciclos: 1272 + 2'32 * 0
FxC: 5 5
Fichas: 1 1;1 2;1 3;2 1;4 1;4 2;4 4;3 3;
Solucion: 
Ciclos: 2572 + 2'32 * 0
FxC: 5 5
Fichas: 1 1;1 2;1 3;2 1;4 1;4 2;4 4;3 3;1 4;
Solucion: 
Ciclos: 3840 + 2'32 * 0
FxC: 5 5
Fichas: 1 1;1 2;1 3;2 1;4 1;4 2;4 4;3 3;1 4;3 4;
Solucion: 
Ciclos: 168768 + 2'32 * 0
FxC: 5 5
Fichas: 1 1;1 2;1 3;2 1;4 1;4 2;4 4;3 3;1 4;3 4;2 4;
Solucion: 
Ciclos: 977472 + 2'32 * 0
FxC: 5 5
Fichas: 1 1;1 2;1 3;2 1;4 1;4 2;4 4;3 3;1 4;3 4;2 4;3 2;
Solucion: 1 1;3 1;1 3;1 1;4 1;2 1;4 2;2 2;2 1;2 3;2 3;2 5;4 4;2 4;2 5;2 3;3 3;1 3;1 4;1 2;1 1;1 3
Ciclos: 74675 + 2'32 * 0
FxC: 5 5
Fichas: 1 1;1 2;1 3;2 1;4 1;4 2;4 4;3 3;1 4;3 4;2 4;3 2;4 1;
Solucion: 1 1;3 1;1 3;1 1;4 1;2 1;4 2;2 2;2 1;2 3;2 3;2 5;4 4;2 4;2 5;2 3;3 3;1 3;1 4;1 2;1 1;1 3
Ciclos: 74675 + 2'32 * 0
FxC: 5 5
Fichas: 1 1;1 2;1 3;2 1;4 1;4 2;4 4;3 3;1 4;3 4;2 4;3 2;4 1;3 1;
Solucion: 
Ciclos: 9929072 + 2'32 * 0
FxC: 5 5
Fichas: 1 1;1 2;1 3;2 1;4 1;4 2;4 4;3 3;1 4;3 4;2 4;3 2;4 1;3 1;2 2;
Solucion: 
Ciclos: 179463300 + 2'32 * 0
FxC: 5 5
Fichas: 1 1;1 2;1 3;2 1;4 1;4 2;4 4;3 3;1 4;3 4;2 4;3 2;4 1;3 1;2 2;2 3;
Solucion: 1 3;1 5;1 1;1 3;4 1;4 3;2 1;4 1;4 3;4 5;3 3;3 1;1 3;3 3;3 3;3 5;4 1;2 1;2 1;2 3;4 5;2 5;1 5;3 5;2 3;2 5;3 5;1 5
Ciclos: 392 + 2'32 * 0
FxC: 10 10
Fichas: 1 1;1 2;
Solucion: 1 1;1 3
Ciclos: 4 + 2'32 * 0
FxC: 10 10
Fichas: 1 1;1 2;1 4;
Solucion: 1 1;1 3;1 3;1 5
Ciclos: 8 + 2'32 * 0
FxC: 10 10
Fichas: 1 1;1 2;1 4;1 6;
Solucion: 1 1;1 3;1 3;1 5;1 5;1 7
Ciclos: 12 + 2'32 * 0
FxC: 10 10
Fichas: 1 1;1 2;1 4;1 6;1 8;
Solucion: 1 1;1 3;1 3;1 5;1 5;1 7;1 7;1 9
Ciclos: 16 + 2'32 * 0
FxC: 10 10
Fichas: 1 1;1 2;1 4;1 6;1 8;2 9;
Solucion: 1 1;1 3;1 3;1 5;1 5;1 7;1 7;1 9;1 9;3 9
Ciclos: 18 + 2'32 * 0
FxC: 10 10
Fichas: 1 1;1 2;1 4;1 6;1 8;2 9;4 9;
Solucion: 1 1;1 3;1 3;1 5;1 5;1 7;1 7;1 9;1 9;3 9;3 9;5 9
Ciclos: 20 + 2'32 * 0
FxC: 10 10
Fichas: 1 1;1 2;1 4;1 6;1 8;2 9;4 9;6 9;
Solucion: 1 1;1 3;1 3;1 5;1 5;1 7;1 7;1 9;1 9;3 9;3 9;5 9;5 9;7 9
Ciclos: 22 + 2'32 * 0
FxC: 10 10
Fichas: 1 1;1 2;1 4;1 6;1 8;2 9;4 9;6 9;8 9;
Solucion: 1 1;1 3;1 3;1 5;1 5;1 7;1 7;1 9;1 9;3 9;3 9;5 9;5 9;7 9;7 9;9 9
Ciclos: 24 + 2'32 * 0
FxC: 10 10
Fichas: 1 1;1 2;1 4;1 6;1 8;2 9;4 9;6 9;8 9;9 8;
Solucion: 1 1;1 3;1 3;1 5;1 5;1 7;1 7;1 9;1 9;3 9;3 9;5 9;5 9;7 9;7 9;9 9;9 9;9 7
Ciclos: 27 + 2'32 * 0
FxC: 10 10
Fichas: 1 1;1 2;1 4;1 6;1 8;2 9;4 9;6 9;8 9;9 8;9 6;
Solucion: 1 1;1 3;1 3;1 5;1 5;1 7;1 7;1 9;1 9;3 9;3 9;5 9;5 9;7 9;7 9;9 9;9 9;9 7;9 7;9 5
Ciclos: 30 + 2'32 * 0
FxC: 10 10
Fichas: 1 1;1 2;1 4;1 6;1 8;2 9;4 9;6 9;8 9;9 8;9 6;9 4;
Solucion: 1 1;1 3;1 3;1 5;1 5;1 7;1 7;1 9;1 9;3 9;3 9;5 9;5 9;7 9;7 9;9 9;9 9;9 7;9 7;9 5;9 5;9 3
Ciclos: 33 + 2'32 * 0
FxC: 10 10
Fichas: 1 1;1 2;1 4;1 6;1 8;2 9;4 9;6 9;8 9;9 8;9 6;9 4;9 2;
Solucion: 1 1;1 3;1 3;1 5;1 5;1 7;1 7;1 9;1 9;3 9;3 9;5 9;5 9;7 9;7 9;9 9;9 9;9 7;9 7;9 5;9 5;9 3;9 3;9 1
Ciclos: 36 + 2'32 * 0
FxC: 10 10
Fichas: 1 1;1 2;1 4;1 6;1 8;2 9;4 9;6 9;8 9;9 8;9 6;9 4;9 2;8 1;
Solucion: 1 1;1 3;1 3;1 5;1 5;1 7;1 7;1 9;1 9;3 9;3 9;5 9;5 9;7 9;7 9;9 9;9 9;9 7;9 7;9 5;9 5;9 3;9 3;9 1;9 1;7 1
Ciclos: 37 + 2'32 * 0
FxC: 10 10
Fichas: 1 1;1 2;1 4;1 6;1 8;2 9;4 9;6 9;8 9;9 8;9 6;9 4;9 2;8 1;6 1;
Solucion: 1 1;1 3;1 3;1 5;1 5;1 7;1 7;1 9;1 9;3 9;3 9;5 9;5 9;7 9;7 9;9 9;9 9;9 7;9 7;9 5;9 5;9 3;9 3;9 1;9 1;7 1;7 1;5 1
Ciclos: 38 + 2'32 * 0
FxC: 10 10
Fichas: 1 1;1 2;1 4;1 6;1 8;2 9;4 9;6 9;8 9;9 8;9 6;9 4;9 2;8 1;6 1;4 1;
Solucion: 1 1;1 3;1 3;1 5;1 5;1 7;1 7;1 9;1 9;3 9;3 9;5 9;5 9;7 9;7 9;9 9;9 9;9 7;9 7;9 5;9 5;9 3;9 3;9 1;9 1;7 1;7 1;5 1;5 1;3 1
Ciclos: 39 + 2'32 * 0
FxC: 10 10
Fichas: 1 1;1 2;1 4;1 6;1 8;2 9;4 9;6 9;8 9;9 8;9 6;9 4;9 2;8 1;6 1;4 1;3 2;
Solucion: 1 1;1 3;1 3;1 5;1 5;1 7;1 7;1 9;1 9;3 9;3 9;5 9;5 9;7 9;7 9;9 9;9 9;9 7;9 7;9 5;9 5;9 3;9 3;9 1;9 1;7 1;7 1;5 1;5 1;3 1;3 1;3 3
Ciclos: 43 + 2'32 * 0
FxC: 10 10
Fichas: 1 1;1 2;1 4;1 6;1 8;2 9;4 9;6 9;8 9;9 8;9 6;9 4;9 2;8 1;6 1;4 1;3 2;3 4;
Solucion: 1 1;1 3;1 3;1 5;1 5;1 7;1 7;1 9;1 9;3 9;3 9;5 9;5 9;7 9;7 9;9 9;9 9;9 7;9 7;9 5;9 5;9 3;9 3;9 1;9 1;7 1;7 1;5 1;5 1;3 1;3 1;3 3;3 3;3 5
Ciclos: 47 + 2'32 * 0
FxC: 10 10
Fichas: 1 1;1 2;1 4;1 6;1 8;2 9;4 9;6 9;8 9;9 8;9 6;9 4;9 2;8 1;6 1;4 1;3 2;3 4;3 6;
Solucion: 1 1;1 3;1 3;1 5;1 5;1 7;1 7;1 9;1 9;3 9;3 9;5 9;5 9;7 9;7 9;9 9;9 9;9 7;9 7;9 5;9 5;9 3;9 3;9 1;9 1;7 1;7 1;5 1;5 1;3 1;3 1;3 3;3 3;3 5;3 5;3 7
Ciclos: 51 + 2'32 * 0
FxC: 10 10
Fichas: 1 1;1 2;1 4;1 6;1 8;2 9;4 9;6 9;8 9;9 8;9 6;9 4;9 2;8 1;6 1;4 1;3 2;3 4;3 6;4 7;
Solucion: 1 1;1 3;1 3;1 5;1 5;1 7;1 7;1 9;1 9;3 9;3 9;5 9;5 9;7 9;7 9;9 9;9 9;9 7;9 7;9 5;9 5;9 3;9 3;9 1;9 1;7 1;7 1;5 1;5 1;3 1;3 1;3 3;3 3;3 5;3 5;3 7;3 7;5 7
Ciclos: 53 + 2'32 * 0
FxC: 10 10
Fichas: 1 1;1 2;1 4;1 6;1 8;2 9;4 9;6 9;8 9;9 8;9 6;9 4;9 2;8 1;6 1;4 1;3 2;3 4;3 6;4 7;6 7;
Solucion: 1 1;1 3;1 3;1 5;1 5;1 7;1 7;1 9;1 9;3 9;3 9;5 9;5 9;7 9;7 9;9 9;9 9;9 7;9 7;9 5;9 5;9 3;9 3;9 1;9 1;7 1;7 1;5 1;5 1;3 1;3 1;3 3;3 3;3 5;3 5;3 7;3 7;5 7;5 7;7 7
Ciclos: 55 + 2'32 * 0
FxC: 10 10
Fichas: 1 1;1 2;1 4;1 6;1 8;2 9;4 9;6 9;8 9;9 8;9 6;9 4;9 2;8 1;6 1;4 1;3 2;3 4;3 6;4 7;6 7;7 6;
Solucion: 1 1;1 3;1 3;1 5;1 5;1 7;1 7;1 9;1 9;3 9;3 9;5 9;5 9;7 9;7 9;9 9;9 9;9 7;9 7;9 5;9 5;9 3;9 3;9 1;9 1;7 1;7 1;5 1;5 1;3 1;3 1;3 3;3 3;3 5;3 5;3 7;3 7;5 7;5 7;7 7;7 7;7 5
Ciclos: 58 + 2'32 * 0
FxC: 10 10
Fichas: 1 1;1 2;1 4;1 6;1 8;2 9;4 9;6 9;8 9;9 8;9 6;9 4;9 2;8 1;6 1;4 1;3 2;3 4;3 6;4 7;6 7;7 6;7 4;
Solucion: 1 1;1 3;1 3;1 5;1 5;1 7;1 7;1 9;1 9;3 9;3 9;5 9;5 9;7 9;7 9;9 9;9 9;9 7;9 7;9 5;9 5;9 3;9 3;9 1;9 1;7 1;7 1;5 1;5 1;3 1;3 1;3 3;3 3;3 5;3 5;3 7;3 7;5 7;5 7;7 7;7 7;7 5;7 5;7 3
Ciclos: 61 + 2'32 * 0
FxC: 10 10
Fichas: 1 1;1 2;1 4;1 6;1 8;2 9;4 9;6 9;8 9;9 8;9 6;9 4;9 2;8 1;6 1;4 1;3 2;3 4;3 6;4 7;6 7;7 6;7 4;6 3;
Solucion: 1 1;1 3;1 3;1 5;1 5;1 7;1 7;1 9;1 9;3 9;3 9;5 9;5 9;7 9;7 9;9 9;9 9;9 7;9 7;9 5;9 5;9 3;9 3;9 1;9 1;7 1;7 1;5 1;5 1;3 1;3 1;3 3;3 3;3 5;3 5;3 7;3 7;5 7;5 7;7 7;7 7;7 5;7 5;7 3;7 3;5 3
Ciclos: 62 + 2'32 * 0
FxC: 10 10
Fichas: 1 1;1 2;1 4;1 6;1 8;2 9;4 9;6 9;8 9;9 8;9 6;9 4;9 2;8 1;6 1;4 1;3 2;3 4;3 6;4 7;6 7;7 6;7 4;6 3;5 4;
Solucion: 1 1;1 3;1 3;1 5;1 5;1 7;1 7;1 9;1 9;3 9;3 9;5 9;5 9;7 9;7 9;9 9;9 9;9 7;9 7;9 5;9 5;9 3;9 3;9 1;9 1;7 1;7 1;5 1;5 1;3 1;3 1;3 3;3 3;3 5;3 5;3 7;3 7;5 7;5 7;7 7;7 7;7 5;7 5;7 3;7 3;5 3;5 3;5 5
Ciclos: 66 + 2'32 * 0
FxC: 10 10
Fichas: 1 1;1 2;1 4;1 6;1 8;2 9;4 9;6 9;8 9;9 8;9 6;9 4;9 2;8 1;6 1;4 1;3 2;3 4;3 6;4 7;6 7;7 6;7 4;6 3;5 4;5 6;
Solucion: 1 1;1 3;1 3;1 5;1 5;1 7;1 7;1 9;1 9;3 9;3 9;5 9;5 9;7 9;7 9;9 9;9 9;9 7;9 7;9 5;9 5;9 3;9 3;9 1;9 1;7 1;7 1;5 1;5 1;3 1;3 1;3 3;3 3;3 5;3 5;3 7;3 7;5 7;5 7;7 7;7 7;7 5;7 5;7 3;7 3;5 3;5 3;5 5;5 5;5 7
Ciclos: 70 + 2'32 * 0
FxC: 10 10
Fichas: 1 1;1 2;1 4;1 6;1 8;2 9;4 9;6 9;8 9;9 8;9 6;9 4;9 2;8 1;6 1;4 1;3 2;3 4;3 6;4 7;6 7;7 6;7 4;6 3;5 4;5 6;5 8;
Solucion: 1 1;1 3;1 3;1 5;1 5;1 7;1 7;1 9;1 9;3 9;3 9;5 9;5 9;7 9;7 9;9 9;9 9;9 7;9 7;9 5;9 5;9 3;9 3;9 1;9 1;7 1;7 1;5 1;5 1;3 1;3 1;3 3;3 3;3 5;3 5;3 7;3 7;5 7;5 7;7 7;7 7;7 5;7 5;7 3;7 3;5 3;5 3;5 5;5 5;5 7;5 7;5 9
Ciclos: 74 + 2'32 * 0
