4 7
4 1
4 1 5 10 7 3
4 8

4 1
4 9
10 15 21 28 33
28 33 27 25 21 15 9 1
7 10 6
27 25 21 15 10
4 9
10 4 9 15 21 28 33
28 21 15 9 4 10 6 1
7 1 6
27 21 15 10
1 7 11 15 9 4
6 1 7
8 4 9
1 7 11 15 9 4 8
11 15
1 6 11 15 19 25 29 33 38 44 49 55 60
60 54 49 44 38 33 29 25 19 15 11 7 1
23 19 25

1 5 12 20 30
1 2 12
1 11 17
10 14 21
15 10 3 6 1 11 12 2 7 14 17 9 13 4 5 8 16 21 30
1 5 8 3 6 2 7 4 9 12 17 20 15 19 22 26 30
1 6 10 15 12
1 5 9 14 17
10 6 1 5 9 14 11 15 19 22 17 21
15 19 23 20 24 27 30
1 7 9
1 3 7 9 15
1 5 3 7 13 11 9 15 21 23
23 21 17 13 9 11 5 1
21 23 17 11 9
9 15 21
11 15 19
1 7 12 17 23 28 33
1 7 12 5 10 4
10 15 21 28 23 17 11
1 7 12
24 17 23 28
24 17 10 15 21 28 33
28 33
