4 1 6 - #Fichas: 3 - Ciclos: 8
6 1 4 - #Fichas: 3 - Ciclos: 8
4 9 - #Fichas: 4 - Ciclos: 1
4 9 3 - #Fichas: 4 - Ciclos: 16
4 1 - #Fichas: 4 - Ciclos: 1
4 8 - #Fichas: 5 - Ciclos: 1
 - #Fichas: 5 - Ciclos: 23
4 1 - #Fichas: 5 - Ciclos: 1
4 7 - #Fichas: 6 - Ciclos: 1
4 1 - #Fichas: 6 - Ciclos: 1
4 1 5 10 7 3 - #Fichas: 6 - Ciclos: 32
1 5 9 4 - #Fichas: 7 - Ciclos: 33
4 8 1 5 - #Fichas: 7 - Ciclos: 31
7 1 8 - #Fichas: 7 - Ciclos: 30
9 1 5 10 - #Fichas: 7 - Ciclos: 31
1 5 10 - #Fichas: 7 - Ciclos: 30
1 3 9 15 17 23 - #Fichas: 7 - Ciclos: 35
1 3 9 - #Fichas: 7 - Ciclos: 22
1 3 9 15 17 23 - #Fichas: 7 - Ciclos: 35
9 15 10 - #Fichas: 7 - Ciclos: 30
9 15 10 - #Fichas: 7 - Ciclos: 30
1 3 9 - #Fichas: 12 - Ciclos: 59
1 3 5 7 9 15 - #Fichas: 12 - Ciclos: 74
1 3 5 7 9 11 13 15 17 23 - #Fichas: 12 - Ciclos: 102
23 17 11 5 1 - #Fichas: 12 - Ciclos: 61
21 15 9 - #Fichas: 12 - Ciclos: 59
9 3 1 5 7 11 13 15 21 - #Fichas: 12 - Ciclos: 91
11 5 1 3 7 9 13 19 - #Fichas: 12 - Ciclos: 82
4 9 - #Fichas: 13 - Ciclos: 1
10 4 1 6 9 7 15 21 24 27 33 - #Fichas: 13 - Ciclos: 89
28 21 15 7 1 - #Fichas: 13 - Ciclos: 53
7 1 6 - #Fichas: 13 - Ciclos: 51
27 21 15 10 - #Fichas: 13 - Ciclos: 52
4 9 - #Fichas: 13 - Ciclos: 1
10 4 9 15 21 27 33 - #Fichas: 13 - Ciclos: 67
28 21 15 9 4 10 6 1 - #Fichas: 13 - Ciclos: 60
7 1 6 - #Fichas: 13 - Ciclos: 51
27 21 15 10 - #Fichas: 13 - Ciclos: 52
1 7 12 5 10 4 11 17 23 28 33 - #Fichas: 14 - Ciclos: 87
1 7 12 5 10 4 - #Fichas: 14 - Ciclos: 68
10 4 11 - #Fichas: 14 - Ciclos: 63
1 7 12 - #Fichas: 14 - Ciclos: 63
24 17 10 15 21 28 - #Fichas: 14 - Ciclos: 100
24 17 10 15 21 28 33 - #Fichas: 14 - Ciclos: 103
28 33 - #Fichas: 14 - Ciclos: 1
1 6 11 15 9 4 - #Fichas: 23 - Ciclos: 110
6 1 7 - #Fichas: 23 - Ciclos: 97
8 4 9 - #Fichas: 23 - Ciclos: 97
1 6 11 15 9 4 8 - #Fichas: 23 - Ciclos: 111
11 15 - #Fichas: 23 - Ciclos: 1
1 6 11 15 19 23 29 33 38 44 49 54 60 - #Fichas: 23 - Ciclos: 151
60 54 49 44 38 33 29 23 19 15 11 6 1 - #Fichas: 23 - Ciclos: 119
23 19 25 - #Fichas: 23 - Ciclos: 97
 - #Fichas: 23 - Ciclos: 99
1 4 - #Fichas: 23 - Ciclos: 1
 - #Fichas: 23 - Ciclos: 99
 - #Fichas: 23 - Ciclos: 131
1 4 8 - #Fichas: 23 - Ciclos: 97
11 15 - #Fichas: 23 - Ciclos: 1
 - #Fichas: 23 - Ciclos: 131
 - #Fichas: 23 - Ciclos: 99
 - #Fichas: 23 - Ciclos: 131
 - #Fichas: 23 - Ciclos: 107
1 6 - #Fichas: 23 - Ciclos: 1
7 1 5 9 - #Fichas: 23 - Ciclos: 111
1 5 11 17 21 26 22 28 24 30 34 38 33 39 45 51 - #Fichas: 23 - Ciclos: 191
48 44 38 33 28 22 17 21 26 30 34 39 45 51 - #Fichas: 23 - Ciclos: 183
1 5 11 17 - #Fichas: 23 - Ciclos: 121
21 17 22 - #Fichas: 23 - Ciclos: 110
26 21 17 22 28 - #Fichas: 23 - Ciclos: 150
30 24 28 33 38 34 39 45 51 - #Fichas: 23 - Ciclos: 204
38 33 28 22 17 11 5 1 - #Fichas: 23 - Ciclos: 115
1 6 - #Fichas: 24 - Ciclos: 1
7 1 5 9 - #Fichas: 24 - Ciclos: 118
1 5 9 3 6 11 14 17 21 24 28 22 26 30 33 37 34 38 44 39 45 51 - #Fichas: 24 - Ciclos: 202
48 51 - #Fichas: 24 - Ciclos: 1
1 5 9 3 6 11 17 - #Fichas: 24 - Ciclos: 129
21 17 22 - #Fichas: 24 - Ciclos: 117
26 21 17 22 28 - #Fichas: 24 - Ciclos: 181
30 24 21 17 22 28 33 37 34 38 44 39 45 51 - #Fichas: 24 - Ciclos: 228
38 33 28 22 17 11 5 1 - #Fichas: 24 - Ciclos: 122
1 3 5 2 4 6 8 10 7 9 11 13 15 12 14 16 18 20 17 19 21 23 30 - #Fichas: 30 - Ciclos: 505
1 3 5 12 - #Fichas: 30 - Ciclos: 280
1 3 5 2 4 6 8 10 17 - #Fichas: 30 - Ciclos: 311
10 2 4 1 3 5 7 9 6 8 11 13 21 - #Fichas: 30 - Ciclos: 351
15 7 1 3 5 2 4 6 8 10 12 9 11 13 16 14 17 19 21 18 20 22 30 - #Fichas: 30 - Ciclos: 487
1 4 7 2 5 8 3 6 9 12 15 10 13 16 11 14 17 20 23 18 21 24 30 - #Fichas: 31 - Ciclos: 410
1 4 7 12 - #Fichas: 31 - Ciclos: 291
1 4 7 2 5 8 3 6 9 12 17 - #Fichas: 31 - Ciclos: 320
10 4 1 5 2 6 3 7 11 8 12 9 13 16 21 - #Fichas: 31 - Ciclos: 362
15 9 3 6 1 4 7 2 5 8 11 14 10 13 16 12 17 20 23 18 21 24 30 - #Fichas: 31 - Ciclos: 402
1 4 7 3 10 13 20 15 21 24 28 22 25 29 33 37 40 45 50 54 57 61 65 70 66 73 78 83 88 94 100 - #Fichas: 38 - Ciclos: 304
28 21 15 10 3 7 13 20 24 29 - #Fichas: 38 - Ciclos: 201
20 13 7 1 4 10 15 21 - #Fichas: 38 - Ciclos: 189
20 13 7 1 4 10 15 21 24 28 22 25 29 33 37 40 45 50 54 57 61 65 70 - #Fichas: 38 - Ciclos: 270
88 83 89 - #Fichas: 38 - Ciclos: 162
10 3 7 13 20 - #Fichas: 38 - Ciclos: 188
1 4 7 3 10 13 20 15 21 28 - #Fichas: 38 - Ciclos: 197
1 4 7 3 - #Fichas: 38 - Ciclos: 165
3 7 4 - #Fichas: 38 - Ciclos: 162
5 1 4 7 3 10 13 20 15 21 24 28 22 25 29 33 37 40 45 50 54 57 61 65 70 66 73 78 83 88 94 97 - #Fichas: 38 - Ciclos: 301
52 45 40 33 28 21 15 10 13 - #Fichas: 38 - Ciclos: 168
