4 7
4 1
4 1 5 10 7 3
4 8

4 1
4 9
10 4 1 6 9 7 15 21 24 27 33
28 21 15 7 1
7 1 6
27 21 15 10
4 9
10 4 9 15 21 27 33
28 21 15 9 4 10 6 1
7 1 6
27 21 15 10
1 6 11 15 9 4
6 1 7
8 4 9
1 6 11 15 9 4 8
11 15
1 6 11 15 19 23 29 33 38 44 49 54 60
60 54 49 44 38 33 29 23 19 15 11 6 1
23 19 25

1 2 3 4 5 6 7 8 9 10 11 12 13 14 15 16 17 18 19 20 30
1 2 12
1 2 3 4 5 6 7 17
10 1 2 3 4 5 6 7 8 9 11 21
15 5 1 2 3 4 6 7 8 9 10 11 12 13 14 16 17 18 19 20 30
1 4 7 2 5 8 3 6 9 12 15 10 13 16 11 14 17 20 23 18 21 24 19 22 25 30
1 4 7 12
1 4 7 2 5 8 3 6 9 12 17
10 5 1 4 7 2 6 3 8 11 14 9 12 15 18 21
15 10 5 1 4 7 2 6 3 8 11 14 9 12 16 13 17 20 23 18 21 24 19 22 25 30
1 3 9
1 3 5 7 9 15
1 3 5 7 9 11 13 15 17 23
23 17 11 5 1
21 15 9
9 3 1 5 7 11 13 15 21
11 5 1 3 7 9 13 19
1 7 12 5 10 4 11 17 23 28 33
1 7 12 5 10 4
10 4 11
1 7 12
24 17 10 15 21 28
24 17 10 15 21 28 33
28 33
